<?xml version="1.0" encoding="UTF-8" ?>
<testsuite tests="13" failures="0" name="com.poker.bot.engine.HandEvaluatorTest" time="0.006" errors="0" skipped="0">
  <properties>
[...]
</properties>
  <testcase classname="com.poker.bot.engine.HandEvaluatorTest" name="testWheelStraight" time="0.001"/>
  <testcase classname="com.poker.bot.engine.HandEvaluatorTest" name="testSevenCards" time="0.003"/>
  <testcase classname="com.poker.bot.engine.HandEvaluatorTest" name="testStraight" time="0"/>
  <testcase classname="com.poker.bot.engine.HandEvaluatorTest" name="testOnePair" time="0"/>
  <testcase classname="com.poker.bot.engine.HandEvaluatorTest" name="testTwoPair" time="0.001"/>
  <testcase classname="com.poker.bot.engine.HandEvaluatorTest" name="testFlush" time="0"/>
  <testcase classname="com.poker.bot.engine.HandEvaluatorTest" name="testFullHouse" time="0"/>
  <testcase classname="com.poker.bot.engine.HandEvaluatorTest" name="testHighCard" time="0"/>
  <testcase classname="com.poker.bot.engine.HandEvaluatorTest" name="testRoyalFlush" time="0.001"/>
  <testcase classname="com.poker.bot.engine.HandEvaluatorTest" name="testStraightFlush" time="0"/>
  <testcase classname="com.poker.bot.engine.HandEvaluatorTest" name="testHandStrength" time="0"/>
  <testcase classname="com.poker.bot.engine.HandEvaluatorTest" name="testFourOfAKind" time="0"/>
  <testcase classname="com.poker.bot.engine.HandEvaluatorTest" name="testThreeOfAKind" time="0"/>
</testsuite>